<?xml version="1.0" encoding="UTF-8"?>
<testng-results ignored="0" total="0" passed="0" failed="0" skipped="0">
  <reporter-output>
  </reporter-output>
  <suite started-at="2023-03-13T17:00:00 EET" name="Default suite" finished-at="2023-03-13T17:00:00 EET" duration-ms="7">
    <groups>
    </groups>
    <test started-at="2023-03-13T17:00:00 EET" name="Default test" finished-at="2023-03-13T17:00:00 EET" duration-ms="7">
    </test> <!-- Default test -->
  </suite> <!-- Default suite -->
</testng-results>
